<?xml version="1.0" encoding="UTF-8"?>
<!-- Generated by org.testng.reporters.JUnitReportReporter -->
<testsuite skipped="0" hostname="DESKTOP-BV5IUMI" name="browserPack.LaunchBrowser" tests="1" failures="0" timestamp="02 Jun 2018 12:18:38 GMT" time="11.030" errors="0">
  <testcase name="launchCheck" time="11.030" classname="browserPack.LaunchBrowser"/>
</testsuite> <!-- browserPack.LaunchBrowser -->
